<?xml version="1.0" encoding="UTF-8"?>
<!-- Generated by org.testng.reporters.JUnitReportReporter -->
<testsuite skipped="0" hostname="DESKTOP-BBP365H" name="Final.TC1_bookReturnTicket" tests="1" failures="0" timestamp="15 Dec 2017 12:40:21 GMT" time="13.103" errors="0">
  <testcase name="f" time="13.103" classname="Final.TC1_bookReturnTicket"/>
</testsuite> <!-- Final.TC1_bookReturnTicket -->
