<?xml version="1.0" encoding="UTF-8"?>
<!-- Generated by org.testng.reporters.JUnitReportReporter -->
<testsuite skipped="0" hostname="DESKTOP-BBP365H" name="finalAssignment.TC1_bookReturnTicket" tests="1" failures="0" timestamp="15 Dec 2017 16:15:45 GMT" time="31.808" errors="0">
  <testcase name="bookTicket" time="31.808" classname="finalAssignment.TC1_bookReturnTicket"/>
</testsuite> <!-- finalAssignment.TC1_bookReturnTicket -->
