<?xml version="1.0" encoding="UTF-8"?>
<!-- Generated by org.testng.reporters.JUnitReportReporter -->
<testsuite skipped="0" hostname="DESKTOP-BBP365H" name="finalAssignment.TC2_validateCredentials" tests="1" failures="0" timestamp="15 Dec 2017 16:15:45 GMT" time="6.933" errors="0">
  <testcase name="validateCredntials" time="6.933" classname="finalAssignment.TC2_validateCredentials"/>
</testsuite> <!-- finalAssignment.TC2_validateCredentials -->
