<?xml version="1.0" encoding="UTF-8"?>
<!-- Generated by org.testng.reporters.JUnitReportReporter -->
<testsuite skipped="0" hostname="DESKTOP-BBP365H" name="Final.sample" tests="1" failures="0" timestamp="15 Dec 2017 12:01:41 GMT" time="0.011" errors="0">
  <testcase name="f" time="0.011" classname="Final.sample"/>
</testsuite> <!-- Final.sample -->
